[ 2023-07-07 20:23:35,467 ] 160 numexpr.utils - INFO - NumExpr defaulting to 8 threads.
[ 2023-07-07 20:23:37,139 ] 25 root - INFO - Data Ingection method starts
[ 2023-07-07 20:23:37,248 ] 29 root - INFO - DataSet Read as Dataframe
[ 2023-07-07 20:23:37,631 ] 36 root - INFO - train test split
[ 2023-07-07 20:23:38,016 ] 43 root - INFO - Ingetion of Data is completed
[ 2023-07-07 20:23:38,141 ] 78 root - INFO - Read train and test data completed
[ 2023-07-07 20:23:38,150 ] 79 root - INFO - Train Dataframe Head : 
       ID Delivery_person_ID  Delivery_person_Age  Delivery_person_Ratings  Restaurant_latitude  Restaurant_longitude  Delivery_location_latitude  Delivery_location_longitude  Order_Date  Time_Orderd Time_Order_picked Weather_conditions Road_traffic_density  Vehicle_condition Type_of_order Type_of_vehicle  multiple_deliveries Festival           City  Time_taken (min)
0  0xa24a     BANGRES05DEL02                 35.0                      3.9            12.970324             77.645748                   13.100324                    77.775748  31-03-2022        19:10             19:15             Stormy                  Jam                  1        Drinks         scooter                  1.0       No  Metropolitian                35
1  0x77c7      SURRES15DEL02                 37.0                      4.5            21.160522             72.771477                   21.290522                    72.901477  20-03-2022        18:20             18:25              Windy               Medium                  1          Meal      motorcycle                  1.0       No          Urban                21
2  0xadbc     CHENRES08DEL01                 37.0                      5.0            13.022394             80.242439                   13.062394                    80.282439  30-03-2022  0.666666667             16:10         Sandstorms               Medium                  2        Buffet         scooter                  1.0       No  Metropolitian                34
3  0xb83f      HYDRES13DEL02                 39.0                      4.5            17.431477             78.400350                   17.451477                    78.420350  05-03-2022        10:30             10:45                Fog                  Low                  2        Buffet         scooter                  1.0       No          Urban                17
4  0x2a62     PUNERES11DEL01                 36.0                      4.4            18.533811             73.899315                   18.603811                    73.969315  12-03-2022        21:55       0.916666667             Stormy                  Jam                  0         Snack      motorcycle                  0.0       No  Metropolitian                54
[ 2023-07-07 20:23:38,156 ] 80 root - INFO - Test Dataframe Head  : 
       ID Delivery_person_ID  Delivery_person_Age  Delivery_person_Ratings  Restaurant_latitude  Restaurant_longitude  Delivery_location_latitude  Delivery_location_longitude  Order_Date Time_Orderd Time_Order_picked Weather_conditions Road_traffic_density  Vehicle_condition Type_of_order Type_of_vehicle  multiple_deliveries Festival           City  Time_taken (min)
0  0xaf52      MUMRES02DEL01                 39.0                      4.1            19.221315             72.862381                   19.231315                    72.872381  01-03-2022       10:30             10:40             Stormy                  Low                  0        Drinks      motorcycle                  1.0       No          Urban                31
1  0x6b6c      MUMRES16DEL02                 26.0                      4.6            19.120083             72.907385                   19.140083                    72.927385  09-03-2022       10:45             10:50             Cloudy                  Low                  1        Drinks         scooter                  0.0       No  Metropolitian                18
2  0xcd9f      GOARES03DEL02                 32.0                      4.6            15.574828             73.766883                   15.594828                    73.786883  13-02-2022       08:10             08:25             Stormy                  Low                  2        Buffet      motorcycle                  1.0       No  Metropolitian                27
3  0x13f5     PUNERES08DEL01                 34.0                      4.9            18.534080             73.898520                   18.574080                    73.938520  26-03-2022       13:45       0.583333333              Windy                 High                  2        Buffet      motorcycle                  1.0       No  Metropolitian                28
4  0x1df8    COIMBRES01DEL01                 34.0                      4.9            11.016298             76.972076                   11.026298                    76.982076  01-04-2022       10:25             10:40                Fog                  Low                  0        Buffet      motorcycle                  0.0       No  Metropolitian                24
[ 2023-07-07 20:23:38,156 ] 82 root - INFO - Obtaining preprocessing object
[ 2023-07-07 20:23:38,156 ] 27 root - INFO - Data Transformation initiated
[ 2023-07-07 20:23:38,156 ] 37 root - INFO - Pipeline Initiated
[ 2023-07-07 20:23:38,157 ] 120 root - INFO - Exception occured in the initiate_datatransformation
