[ 2023-07-13 12:01:13,363 ] 26 root - INFO - Data Ingection Method Starts
[ 2023-07-13 12:01:13,486 ] 29 root - INFO - Dataset read by pandas Dataframe
[ 2023-07-13 12:01:13,924 ] 34 root - INFO - Train Dataframe Head : 
None
[ 2023-07-13 12:01:13,924 ] 36 root - INFO - Train Test Split
[ 2023-07-13 12:01:13,981 ] 40 root - INFO - ingection of Data completed
[ 2023-07-13 12:01:14,437 ] 48 root - INFO - train data set :
           ID Delivery_person_ID  Delivery_person_Age  Delivery_person_Ratings  Restaurant_latitude  Restaurant_longitude  Delivery_location_latitude  Delivery_location_longitude  Order_Date  Time_Orderd Time_Order_picked Weather_conditions Road_traffic_density  Vehicle_condition Type_of_order Type_of_vehicle  multiple_deliveries Festival           City  Time_taken (min)
34285  0xa24a     BANGRES05DEL02                 35.0                      3.9            12.970324             77.645748                   13.100324                    77.775748  31-03-2022        19:10             19:15             Stormy                  Jam                  1        Drinks         scooter                  1.0       No  Metropolitian                35
14513  0x77c7      SURRES15DEL02                 37.0                      4.5            21.160522             72.771477                   21.290522                    72.901477  20-03-2022        18:20             18:25              Windy               Medium                  1          Meal      motorcycle                  1.0       No          Urban                21
40479  0xadbc     CHENRES08DEL01                 37.0                      5.0            13.022394             80.242439                   13.062394                    80.282439  30-03-2022  0.666666667             16:10         Sandstorms               Medium                  2        Buffet         scooter                  1.0       No  Metropolitian                34
37130  0xb83f      HYDRES13DEL02                 39.0                      4.5            17.431477             78.400350                   17.451477                    78.420350  05-03-2022        10:30             10:45                Fog                  Low                  2        Buffet         scooter                  1.0       No          Urban                17
28136  0x2a62     PUNERES11DEL01                 36.0                      4.4            18.533811             73.899315                   18.603811                    73.969315  12-03-2022        21:55       0.916666667             Stormy                  Jam                  0         Snack      motorcycle                  0.0       No  Metropolitian                54
[ 2023-07-13 12:01:14,447 ] 49 root - INFO - test data set  :
           ID Delivery_person_ID  Delivery_person_Age  Delivery_person_Ratings  Restaurant_latitude  Restaurant_longitude  Delivery_location_latitude  Delivery_location_longitude  Order_Date Time_Orderd Time_Order_picked Weather_conditions Road_traffic_density  Vehicle_condition Type_of_order Type_of_vehicle  multiple_deliveries Festival           City  Time_taken (min)
7834   0xaf52      MUMRES02DEL01                 39.0                      4.1            19.221315             72.862381                   19.231315                    72.872381  01-03-2022       10:30             10:40             Stormy                  Low                  0        Drinks      motorcycle                  1.0       No          Urban                31
33976  0x6b6c      MUMRES16DEL02                 26.0                      4.6            19.120083             72.907385                   19.140083                    72.927385  09-03-2022       10:45             10:50             Cloudy                  Low                  1        Drinks         scooter                  0.0       No  Metropolitian                18
32579  0xcd9f      GOARES03DEL02                 32.0                      4.6            15.574828             73.766883                   15.594828                    73.786883  13-02-2022       08:10             08:25             Stormy                  Low                  2        Buffet      motorcycle                  1.0       No  Metropolitian                27
5242   0x13f5     PUNERES08DEL01                 34.0                      4.9            18.534080             73.898520                   18.574080                    73.938520  26-03-2022       13:45       0.583333333              Windy                 High                  2        Buffet      motorcycle                  1.0       No  Metropolitian                28
8584   0x1df8    COIMBRES01DEL01                 34.0                      4.9            11.016298             76.972076                   11.026298                    76.982076  01-04-2022       10:25             10:40                Fog                  Low                  0        Buffet      motorcycle                  0.0       No  Metropolitian                24
[ 2023-07-13 12:01:14,447 ] 50 root - INFO - ingection of Data completed
[ 2023-07-13 12:01:14,982 ] 133 root - INFO - Read Train Test data complected
[ 2023-07-13 12:01:14,988 ] 134 root - INFO - Train Dataframe Head : 
       ID Delivery_person_ID  Delivery_person_Age  Delivery_person_Ratings  Restaurant_latitude  Restaurant_longitude  Delivery_location_latitude  Delivery_location_longitude  Order_Date  Time_Orderd Time_Order_picked Weather_conditions Road_traffic_density  Vehicle_condition Type_of_order Type_of_vehicle  multiple_deliveries Festival           City  Time_taken (min)  day  month  year
0  0xa24a     BANGRES05DEL02                 35.0                      3.9            12.970324             77.645748                   13.100324                    77.775748  31-03-2022    19.100000           24.0500             Stormy                  Jam                  1        Drinks         scooter                  1.0       No  Metropolitian                35   31      3  2022
1  0x77c7      SURRES15DEL02                 37.0                      4.5            21.160522             72.771477                   21.290522                    72.901477  20-03-2022    18.200000           24.0500              Windy               Medium                  1          Meal      motorcycle                  1.0       No          Urban                21   20      3  2022
2  0xadbc     CHENRES08DEL01                 37.0                      5.0            13.022394             80.242439                   13.062394                    80.282439  30-03-2022     0.666667           24.0500         Sandstorms               Medium                  2        Buffet         scooter                  1.0       No  Metropolitian                34   30      3  2022
3  0xb83f      HYDRES13DEL02                 39.0                      4.5            17.431477             78.400350                   17.451477                    78.420350  05-03-2022    10.300000           24.0500                Fog                  Low                  2        Buffet         scooter                  1.0       No          Urban                17    5      3  2022
4  0x2a62     PUNERES11DEL01                 36.0                      4.4            18.533811             73.899315                   18.603811                    73.969315  12-03-2022    21.550000           24.0500             Stormy                  Jam                  0         Snack      motorcycle                  0.0       No  Metropolitian                54   12      3  2022
[ 2023-07-13 12:01:14,995 ] 135 root - INFO - Train Dataframe Head : 
       ID Delivery_person_ID  Delivery_person_Age  Delivery_person_Ratings  Restaurant_latitude  Restaurant_longitude  Delivery_location_latitude  Delivery_location_longitude  Order_Date  Time_Orderd Time_Order_picked Weather_conditions Road_traffic_density  Vehicle_condition Type_of_order Type_of_vehicle  multiple_deliveries Festival           City  Time_taken (min)  day  month  year
0  0xaf52      MUMRES02DEL01                 39.0                      4.1            19.221315             72.862381                   19.231315                    72.872381  01-03-2022        10.30           24.1000             Stormy                  Low                  0        Drinks      motorcycle                  1.0       No          Urban                31    1      3  2022
1  0x6b6c      MUMRES16DEL02                 26.0                      4.6            19.120083             72.907385                   19.140083                    72.927385  09-03-2022        10.45           24.1000             Cloudy                  Low                  1        Drinks         scooter                  0.0       No  Metropolitian                18    9      3  2022
2  0xcd9f      GOARES03DEL02                 32.0                      4.6            15.574828             73.766883                   15.594828                    73.786883  13-02-2022         8.10           24.1000             Stormy                  Low                  2        Buffet      motorcycle                  1.0       No  Metropolitian                27   13      2  2022
3  0x13f5     PUNERES08DEL01                 34.0                      4.9            18.534080             73.898520                   18.574080                    73.938520  26-03-2022        13.45           24.1000              Windy                 High                  2        Buffet      motorcycle                  1.0       No  Metropolitian                28   26      3  2022
4  0x1df8    COIMBRES01DEL01                 34.0                      4.9            11.016298             76.972076                   11.026298                    76.982076  01-04-2022        10.25           24.1000                Fog                  Low                  0        Buffet      motorcycle                  0.0       No  Metropolitian                24    1      4  2022
[ 2023-07-13 12:01:14,995 ] 137 root - INFO - obtaning preprocessing object
[ 2023-07-13 12:01:15,000 ] 151 root - INFO - Applying preprocessing object on traning and testing datasets
[ 2023-07-13 12:01:15,001 ] 26 root - INFO - Data Transformation initiated
[ 2023-07-13 12:01:15,001 ] 45 root - INFO - Pipeline initiated
[ 2023-07-13 12:01:15,189 ] 166 root - INFO - Preprocessor pickel file saved
[ 2023-07-13 12:01:15,192 ] 24 root - INFO - Splitting Dependent and Independent variables from train and test data
[ 2023-07-13 12:01:19,756 ] 42 root - INFO -  Model report:{'LinearRegression': -2.090485155881862e+25, 'Lasso': -2.090485155881862e+25, 'Ridge': -2.090485155881862e+25, 'ElasticNet': -2.090485155881862e+25}
[ 2023-07-13 12:01:19,756 ] 53 root - INFO - Best Model Found ,Model name :LinearRegression,R2 score :-2.090485155881862e+25 
[ 2023-07-13 12:01:19,757 ] 55 root - INFO - Best Model Found , Model Name : LinearRegression,R2 Score : -2.090485155881862e+25
[ 2023-07-13 12:01:19,757 ] 63 root - INFO - Exception occured at model traning
